Unable to capture context for thread 6460 in process 5836, can not generate back trace
Unable to capture context for thread 19404 in process 5836, can not generate back trace
Unable to capture context for thread 17688 in process 5836, can not generate back trace
Unable to capture context for thread 18416 in process 5836, can not generate back trace
Exception at PC 0x00007FFAE7AABB93
Printing stacktrace...

[0]  [0x00007FFAE7AABB93]
[1]  [0x00007FFAE7AABB93]
[2]  [0x00007FFAE7AAB4A1]
[3]  [0x00007FFAE7AAB3EF]
[4]  [0x00007FFAE7A919FE]
[5]  [0x00007FFAE7A90ED1]
[6]  [0x00007FFAE7A90D76]
[7]  [0x00007FFAE7A379F6]
[8]  [0x00007FFAE7A27AFB]
[9]  [0x00007FFAE7B4E90A]
[10]  [0x00007FFAE7B69F87]
[11]  [0x00007FFAE7B6A05F]
[12] (BaseThreadInitThunk+0x14) [0x00007FFB7EA74034]
[13] (RtlUserThreadStart+0x21) [0x00007FFB7F123691]
Done
Exception at PC 0x00007FFAE77B1A52
Attemped to write at address 0x00007FFB31F0ABA4
Printing stacktrace...

[0]  [0x00007FFAE77B1A52]
[1]  [0x00007FFAE77B1A52]
[2]  [0x00007FFAE77B1AD4]
[3]  [0x00007FFAE78F3FF7]
[4]  [0x00007FFAE77D9128]
[5]  [0x00007FFAE7A8DFB9]
[6]  [0x00007FFAE7C5EF23]
[7]  [0x00007FFAE7B6B06B]
[8]  [0x00007FFAE7B608AF]
[9]  [0x00007FFAE7B60A32]
[10] (RtlActivateActivationContextUnsafeFast+0x123) [0x00007FFB7F0EB583]
[11] (LdrShutdownProcess+0x125) [0x00007FFB7F0F7F85]
[12] (RtlExitUserProcess+0xd8) [0x00007FFB7F0F7E48]
[13] (FatalExit+0xa) [0x00007FFB7EA7CA7A]
[14] (exit+0x75) [0x00007FFB7C6F9CE5]
[15] (initterm_e+0x235) [0x00007FFB7C6FA345]
[16]  [0x00000000004014CD]
[17]  [0x000000000040151B]
[18] (BaseThreadInitThunk+0x14) [0x00007FFB7EA74034]
[19] (RtlUserThreadStart+0x21) [0x00007FFB7F123691]
Done
