#-----------------------------------------------------------
# Vivado v2019.2 (64-bit)
# SW Build 2708876 on Wed Nov  6 21:40:23 MST 2019
# IP Build 2700528 on Thu Nov  7 00:09:20 MST 2019
# Start of session at: Mon Feb  3 10:03:08 2020
# Process ID: 6108
# Current directory: D:/Skole/Digitale systemer og programmering/VHDL programmering/Lab 01/Lab_01_BertilUS
# Command line: vivado.exe -gui_launcher_event rodinguilauncherevent18612 D:\Skole\Digitale systemer og programmering\VHDL programmering\Lab 01\Lab_01_BertilUS\Lab_01_BertilUS.xpr
# Log file: D:/Skole/Digitale systemer og programmering/VHDL programmering/Lab 01/Lab_01_BertilUS/vivado.log
# Journal file: D:/Skole/Digitale systemer og programmering/VHDL programmering/Lab 01/Lab_01_BertilUS\vivado.jou
#-----------------------------------------------------------
start_gui
open_project {D:/Skole/Digitale systemer og programmering/VHDL programmering/Lab 01/Lab_01_BertilUS/Lab_01_BertilUS.xpr}
INFO: [ProjectBase 1-489] The host OS only allows 260 characters in a normal path. The project is stored in a path with more than 80 characters. If you experience issues with IP, Block Designs, or files not being found, please consider moving the project to a location with a shorter path. Alternately consider using the OS subst command to map part of the path to a drive letter.
Current project path is 'D:/Skole/Digitale systemer og programmering/VHDL programmering/Lab 01/Lab_01_BertilUS'
Scanning sources...
Finished scanning sources
INFO: [IP_Flow 19-234] Refreshing IP repositories
INFO: [IP_Flow 19-1704] No user IP repositories specified
INFO: [IP_Flow 19-2313] Loaded Vivado IP repository 'C:/Xilinx/Vivado/2019.2/data/ip'.
open_project: Time (s): cpu = 00:00:15 ; elapsed = 00:00:07 . Memory (MB): peak = 877.254 ; gain = 212.031
update_compile_order -fileset sources_1
exit
INFO: [Common 17-206] Exiting Vivado at Mon Feb  3 11:09:48 2020...
