#-----------------------------------------------------------
# Vivado v2019.2 (64-bit)
# SW Build 2708876 on Wed Nov  6 21:40:23 MST 2019
# IP Build 2700528 on Thu Nov  7 00:09:20 MST 2019
# Start of session at: Mon May  4 12:34:59 2020
# Process ID: 32936
# Current directory: D:/Skole/Digitale systemer og programmering/VHDL programmering/Lecture06
# Command line: vivado.exe -gui_launcher_event rodinguilauncherevent22880 D:\Skole\Digitale systemer og programmering\VHDL programmering\Lecture06\Lecture06.xpr
# Log file: D:/Skole/Digitale systemer og programmering/VHDL programmering/Lecture06/vivado.log
# Journal file: D:/Skole/Digitale systemer og programmering/VHDL programmering/Lecture06\vivado.jou
#-----------------------------------------------------------
start_gui
open_project {D:/Skole/Digitale systemer og programmering/VHDL programmering/Lecture06/Lecture06.xpr}
Scanning sources...
Finished scanning sources
INFO: [IP_Flow 19-234] Refreshing IP repositories
INFO: [IP_Flow 19-1704] No user IP repositories specified
INFO: [IP_Flow 19-2313] Loaded Vivado IP repository 'C:/Xilinx/Vivado/2019.2/data/ip'.
open_project: Time (s): cpu = 00:00:12 ; elapsed = 00:00:05 . Memory (MB): peak = 932.844 ; gain = 239.836
update_compile_order -fileset sources_1
exit
INFO: [Common 17-206] Exiting Vivado at Mon May  4 13:05:55 2020...
