#-----------------------------------------------------------
# Vivado v2019.2 (64-bit)
# SW Build 2708876 on Wed Nov  6 21:40:23 MST 2019
# IP Build 2700528 on Thu Nov  7 00:09:20 MST 2019
# Start of session at: Mon Feb 17 08:16:09 2020
# Process ID: 22584
# Current directory: C:/Users/Vetle/Desktop/Lab01_Vivado/Lab_01/Lab_01.sim/sim_1/behav/xsim
# Command line: vivado.exe -gui_launcher_event rodinguilauncherevent22876 C:\Users\Vetle\Desktop\Lab01_Vivado\Lab_01\Lab_01.sim\sim_1\behav\xsim\Lab01_part1_tb_behav.wdb
# Log file: C:/Users/Vetle/Desktop/Lab01_Vivado/Lab_01/Lab_01.sim/sim_1/behav/xsim/vivado.log
# Journal file: C:/Users/Vetle/Desktop/Lab01_Vivado/Lab_01/Lab_01.sim/sim_1/behav/xsim\vivado.jou
#-----------------------------------------------------------
start_gui
open_wave_database {C:\Users\Vetle\Desktop\Lab01_Vivado\Lab_01\Lab_01.sim\sim_1\behav\xsim\Lab01_part1_tb_behav.wdb}
INFO: [IP_Flow 19-234] Refreshing IP repositories
INFO: [IP_Flow 19-1704] No user IP repositories specified
INFO: [IP_Flow 19-2313] Loaded Vivado IP repository 'C:/Xilinx/Vivado/2019.2/data/ip'.
current_fileset: Time (s): cpu = 00:00:23 ; elapsed = 00:00:15 . Memory (MB): peak = 808.543 ; gain = 199.547
open_wave_database: Time (s): cpu = 00:00:30 ; elapsed = 00:00:18 . Memory (MB): peak = 821.758 ; gain = 212.762
close_sim
INFO: [Simtcl 6-16] Simulation closed
exit
INFO: [Common 17-206] Exiting Vivado at Mon Feb 17 08:18:10 2020...
