
*** Running vivado
    with args -log Lab02_Part1_Design.vds -m64 -product Vivado -mode batch -messageDb vivado.pb -notrace -source Lab02_Part1_Design.tcl


****** Vivado v2017.2 (64-bit)
  **** SW Build 1909853 on Thu Jun 15 18:39:09 MDT 2017
  **** IP Build 1909766 on Thu Jun 15 19:58:00 MDT 2017
    ** Copyright 1986-2017 Xilinx, Inc. All Rights Reserved.

source Lab02_Part1_Design.tcl -notrace
Command: synth_design -top Lab02_Part1_Design -part xc7a35tcpg236-1
Starting synth_design
Attempting to get a license for feature 'Synthesis' and/or device 'xc7a35t-cpg236'
INFO: [Common 17-349] Got license for feature 'Synthesis' and/or device 'xc7a35t-cpg236'
INFO: Launching helper process for spawning children vivado processes
INFO: Helper process launched with PID 20280 
---------------------------------------------------------------------------------
Starting RTL Elaboration : Time (s): cpu = 00:00:04 ; elapsed = 00:00:04 . Memory (MB): peak = 322.926 ; gain = 78.914
---------------------------------------------------------------------------------
INFO: [Synth 8-638] synthesizing module 'Lab02_Part1_Design' [C:/Users/hn/Desktop/DFDP1100_2020_Projects/Lab02_Part1/Lab02_Part1.srcs/sources_1/new/Lab02_Part1_Design.vhd:40]
INFO: [Synth 8-256] done synthesizing module 'Lab02_Part1_Design' (1#1) [C:/Users/hn/Desktop/DFDP1100_2020_Projects/Lab02_Part1/Lab02_Part1.srcs/sources_1/new/Lab02_Part1_Design.vhd:40]
---------------------------------------------------------------------------------
Finished RTL Elaboration : Time (s): cpu = 00:00:05 ; elapsed = 00:00:05 . Memory (MB): peak = 362.004 ; gain = 117.992
---------------------------------------------------------------------------------

Report Check Netlist: 
+------+------------------+-------+---------+-------+------------------+
|      |Item              |Errors |Warnings |Status |Description       |
+------+------------------+-------+---------+-------+------------------+
|1     |multi_driven_nets |      0|        0|Passed |Multi driven nets |
+------+------------------+-------+---------+-------+------------------+
---------------------------------------------------------------------------------
Finished RTL Optimization Phase 1 : Time (s): cpu = 00:00:05 ; elapsed = 00:00:05 . Memory (MB): peak = 362.004 ; gain = 117.992
---------------------------------------------------------------------------------
INFO: [Device 21-403] Loading part xc7a35tcpg236-1
INFO: [Project 1-570] Preparing netlist for logic optimization

Processing XDC Constraints
Initializing timing engine
Parsing XDC File [C:/Users/hn/Desktop/DFDP1100_2020_Projects/Lab02_Part1/Lab02_Part1.srcs/constrs_1/new/Lab02_Part1_XDC.xdc]
WARNING: [Vivado 12-584] No ports matched 'clk'. [C:/Users/hn/Desktop/DFDP1100_2020_Projects/Lab02_Part1/Lab02_Part1.srcs/constrs_1/new/Lab02_Part1_XDC.xdc:7]
CRITICAL WARNING: [Common 17-55] 'set_property' expects at least one object. [C:/Users/hn/Desktop/DFDP1100_2020_Projects/Lab02_Part1/Lab02_Part1.srcs/constrs_1/new/Lab02_Part1_XDC.xdc:7]
Resolution: If [get_<value>] was used to populate the object, check to make sure this command returns at least one valid object.
WARNING: [Vivado 12-584] No ports matched 'clk'. [C:/Users/hn/Desktop/DFDP1100_2020_Projects/Lab02_Part1/Lab02_Part1.srcs/constrs_1/new/Lab02_Part1_XDC.xdc:8]
CRITICAL WARNING: [Common 17-55] 'set_property' expects at least one object. [C:/Users/hn/Desktop/DFDP1100_2020_Projects/Lab02_Part1/Lab02_Part1.srcs/constrs_1/new/Lab02_Part1_XDC.xdc:8]
Resolution: If [get_<value>] was used to populate the object, check to make sure this command returns at least one valid object.
WARNING: [Vivado 12-584] No ports matched 'clk'. [C:/Users/hn/Desktop/DFDP1100_2020_Projects/Lab02_Part1/Lab02_Part1.srcs/constrs_1/new/Lab02_Part1_XDC.xdc:9]
CRITICAL WARNING: [Vivado 12-4739] create_clock:No valid object(s) found for '-objects [get_ports clk]'. [C:/Users/hn/Desktop/DFDP1100_2020_Projects/Lab02_Part1/Lab02_Part1.srcs/constrs_1/new/Lab02_Part1_XDC.xdc:9]
Resolution: Check if the specified object(s) exists in the current design. If it does, ensure that the correct design hierarchy was specified for the object. If you are working with clocks, make sure create_clock was used to create the clock object before it is referenced.
WARNING: [Vivado 12-584] No ports matched 'sseg[0]'. [C:/Users/hn/Desktop/DFDP1100_2020_Projects/Lab02_Part1/Lab02_Part1.srcs/constrs_1/new/Lab02_Part1_XDC.xdc:86]
CRITICAL WARNING: [Common 17-55] 'set_property' expects at least one object. [C:/Users/hn/Desktop/DFDP1100_2020_Projects/Lab02_Part1/Lab02_Part1.srcs/constrs_1/new/Lab02_Part1_XDC.xdc:86]
Resolution: If [get_<value>] was used to populate the object, check to make sure this command returns at least one valid object.
WARNING: [Vivado 12-584] No ports matched 'sseg[0]'. [C:/Users/hn/Desktop/DFDP1100_2020_Projects/Lab02_Part1/Lab02_Part1.srcs/constrs_1/new/Lab02_Part1_XDC.xdc:87]
CRITICAL WARNING: [Common 17-55] 'set_property' expects at least one object. [C:/Users/hn/Desktop/DFDP1100_2020_Projects/Lab02_Part1/Lab02_Part1.srcs/constrs_1/new/Lab02_Part1_XDC.xdc:87]
Resolution: If [get_<value>] was used to populate the object, check to make sure this command returns at least one valid object.
WARNING: [Vivado 12-584] No ports matched 'sseg[1]'. [C:/Users/hn/Desktop/DFDP1100_2020_Projects/Lab02_Part1/Lab02_Part1.srcs/constrs_1/new/Lab02_Part1_XDC.xdc:88]
CRITICAL WARNING: [Common 17-55] 'set_property' expects at least one object. [C:/Users/hn/Desktop/DFDP1100_2020_Projects/Lab02_Part1/Lab02_Part1.srcs/constrs_1/new/Lab02_Part1_XDC.xdc:88]
Resolution: If [get_<value>] was used to populate the object, check to make sure this command returns at least one valid object.
WARNING: [Vivado 12-584] No ports matched 'sseg[1]'. [C:/Users/hn/Desktop/DFDP1100_2020_Projects/Lab02_Part1/Lab02_Part1.srcs/constrs_1/new/Lab02_Part1_XDC.xdc:89]
CRITICAL WARNING: [Common 17-55] 'set_property' expects at least one object. [C:/Users/hn/Desktop/DFDP1100_2020_Projects/Lab02_Part1/Lab02_Part1.srcs/constrs_1/new/Lab02_Part1_XDC.xdc:89]
Resolution: If [get_<value>] was used to populate the object, check to make sure this command returns at least one valid object.
WARNING: [Vivado 12-584] No ports matched 'sseg[2]'. [C:/Users/hn/Desktop/DFDP1100_2020_Projects/Lab02_Part1/Lab02_Part1.srcs/constrs_1/new/Lab02_Part1_XDC.xdc:90]
CRITICAL WARNING: [Common 17-55] 'set_property' expects at least one object. [C:/Users/hn/Desktop/DFDP1100_2020_Projects/Lab02_Part1/Lab02_Part1.srcs/constrs_1/new/Lab02_Part1_XDC.xdc:90]
Resolution: If [get_<value>] was used to populate the object, check to make sure this command returns at least one valid object.
WARNING: [Vivado 12-584] No ports matched 'sseg[2]'. [C:/Users/hn/Desktop/DFDP1100_2020_Projects/Lab02_Part1/Lab02_Part1.srcs/constrs_1/new/Lab02_Part1_XDC.xdc:91]
CRITICAL WARNING: [Common 17-55] 'set_property' expects at least one object. [C:/Users/hn/Desktop/DFDP1100_2020_Projects/Lab02_Part1/Lab02_Part1.srcs/constrs_1/new/Lab02_Part1_XDC.xdc:91]
Resolution: If [get_<value>] was used to populate the object, check to make sure this command returns at least one valid object.
WARNING: [Vivado 12-584] No ports matched 'sseg[3]'. [C:/Users/hn/Desktop/DFDP1100_2020_Projects/Lab02_Part1/Lab02_Part1.srcs/constrs_1/new/Lab02_Part1_XDC.xdc:92]
CRITICAL WARNING: [Common 17-55] 'set_property' expects at least one object. [C:/Users/hn/Desktop/DFDP1100_2020_Projects/Lab02_Part1/Lab02_Part1.srcs/constrs_1/new/Lab02_Part1_XDC.xdc:92]
Resolution: If [get_<value>] was used to populate the object, check to make sure this command returns at least one valid object.
WARNING: [Vivado 12-584] No ports matched 'sseg[3]'. [C:/Users/hn/Desktop/DFDP1100_2020_Projects/Lab02_Part1/Lab02_Part1.srcs/constrs_1/new/Lab02_Part1_XDC.xdc:93]
CRITICAL WARNING: [Common 17-55] 'set_property' expects at least one object. [C:/Users/hn/Desktop/DFDP1100_2020_Projects/Lab02_Part1/Lab02_Part1.srcs/constrs_1/new/Lab02_Part1_XDC.xdc:93]
Resolution: If [get_<value>] was used to populate the object, check to make sure this command returns at least one valid object.
WARNING: [Vivado 12-584] No ports matched 'sseg[4]'. [C:/Users/hn/Desktop/DFDP1100_2020_Projects/Lab02_Part1/Lab02_Part1.srcs/constrs_1/new/Lab02_Part1_XDC.xdc:94]
CRITICAL WARNING: [Common 17-55] 'set_property' expects at least one object. [C:/Users/hn/Desktop/DFDP1100_2020_Projects/Lab02_Part1/Lab02_Part1.srcs/constrs_1/new/Lab02_Part1_XDC.xdc:94]
Resolution: If [get_<value>] was used to populate the object, check to make sure this command returns at least one valid object.
WARNING: [Vivado 12-584] No ports matched 'sseg[4]'. [C:/Users/hn/Desktop/DFDP1100_2020_Projects/Lab02_Part1/Lab02_Part1.srcs/constrs_1/new/Lab02_Part1_XDC.xdc:95]
CRITICAL WARNING: [Common 17-55] 'set_property' expects at least one object. [C:/Users/hn/Desktop/DFDP1100_2020_Projects/Lab02_Part1/Lab02_Part1.srcs/constrs_1/new/Lab02_Part1_XDC.xdc:95]
Resolution: If [get_<value>] was used to populate the object, check to make sure this command returns at least one valid object.
WARNING: [Vivado 12-584] No ports matched 'sseg[5]'. [C:/Users/hn/Desktop/DFDP1100_2020_Projects/Lab02_Part1/Lab02_Part1.srcs/constrs_1/new/Lab02_Part1_XDC.xdc:96]
CRITICAL WARNING: [Common 17-55] 'set_property' expects at least one object. [C:/Users/hn/Desktop/DFDP1100_2020_Projects/Lab02_Part1/Lab02_Part1.srcs/constrs_1/new/Lab02_Part1_XDC.xdc:96]
Resolution: If [get_<value>] was used to populate the object, check to make sure this command returns at least one valid object.
WARNING: [Vivado 12-584] No ports matched 'sseg[5]'. [C:/Users/hn/Desktop/DFDP1100_2020_Projects/Lab02_Part1/Lab02_Part1.srcs/constrs_1/new/Lab02_Part1_XDC.xdc:97]
CRITICAL WARNING: [Common 17-55] 'set_property' expects at least one object. [C:/Users/hn/Desktop/DFDP1100_2020_Projects/Lab02_Part1/Lab02_Part1.srcs/constrs_1/new/Lab02_Part1_XDC.xdc:97]
Resolution: If [get_<value>] was used to populate the object, check to make sure this command returns at least one valid object.
WARNING: [Vivado 12-584] No ports matched 'sseg[6]'. [C:/Users/hn/Desktop/DFDP1100_2020_Projects/Lab02_Part1/Lab02_Part1.srcs/constrs_1/new/Lab02_Part1_XDC.xdc:98]
CRITICAL WARNING: [Common 17-55] 'set_property' expects at least one object. [C:/Users/hn/Desktop/DFDP1100_2020_Projects/Lab02_Part1/Lab02_Part1.srcs/constrs_1/new/Lab02_Part1_XDC.xdc:98]
Resolution: If [get_<value>] was used to populate the object, check to make sure this command returns at least one valid object.
WARNING: [Vivado 12-584] No ports matched 'sseg[6]'. [C:/Users/hn/Desktop/DFDP1100_2020_Projects/Lab02_Part1/Lab02_Part1.srcs/constrs_1/new/Lab02_Part1_XDC.xdc:99]
CRITICAL WARNING: [Common 17-55] 'set_property' expects at least one object. [C:/Users/hn/Desktop/DFDP1100_2020_Projects/Lab02_Part1/Lab02_Part1.srcs/constrs_1/new/Lab02_Part1_XDC.xdc:99]
Resolution: If [get_<value>] was used to populate the object, check to make sure this command returns at least one valid object.
WARNING: [Vivado 12-584] No ports matched 'dp'. [C:/Users/hn/Desktop/DFDP1100_2020_Projects/Lab02_Part1/Lab02_Part1.srcs/constrs_1/new/Lab02_Part1_XDC.xdc:101]
CRITICAL WARNING: [Common 17-55] 'set_property' expects at least one object. [C:/Users/hn/Desktop/DFDP1100_2020_Projects/Lab02_Part1/Lab02_Part1.srcs/constrs_1/new/Lab02_Part1_XDC.xdc:101]
Resolution: If [get_<value>] was used to populate the object, check to make sure this command returns at least one valid object.
WARNING: [Vivado 12-584] No ports matched 'dp'. [C:/Users/hn/Desktop/DFDP1100_2020_Projects/Lab02_Part1/Lab02_Part1.srcs/constrs_1/new/Lab02_Part1_XDC.xdc:102]
CRITICAL WARNING: [Common 17-55] 'set_property' expects at least one object. [C:/Users/hn/Desktop/DFDP1100_2020_Projects/Lab02_Part1/Lab02_Part1.srcs/constrs_1/new/Lab02_Part1_XDC.xdc:102]
Resolution: If [get_<value>] was used to populate the object, check to make sure this command returns at least one valid object.
WARNING: [Vivado 12-584] No ports matched 'an[0]'. [C:/Users/hn/Desktop/DFDP1100_2020_Projects/Lab02_Part1/Lab02_Part1.srcs/constrs_1/new/Lab02_Part1_XDC.xdc:104]
CRITICAL WARNING: [Common 17-55] 'set_property' expects at least one object. [C:/Users/hn/Desktop/DFDP1100_2020_Projects/Lab02_Part1/Lab02_Part1.srcs/constrs_1/new/Lab02_Part1_XDC.xdc:104]
Resolution: If [get_<value>] was used to populate the object, check to make sure this command returns at least one valid object.
WARNING: [Vivado 12-584] No ports matched 'an[0]'. [C:/Users/hn/Desktop/DFDP1100_2020_Projects/Lab02_Part1/Lab02_Part1.srcs/constrs_1/new/Lab02_Part1_XDC.xdc:105]
CRITICAL WARNING: [Common 17-55] 'set_property' expects at least one object. [C:/Users/hn/Desktop/DFDP1100_2020_Projects/Lab02_Part1/Lab02_Part1.srcs/constrs_1/new/Lab02_Part1_XDC.xdc:105]
Resolution: If [get_<value>] was used to populate the object, check to make sure this command returns at least one valid object.
WARNING: [Vivado 12-584] No ports matched 'an[1]'. [C:/Users/hn/Desktop/DFDP1100_2020_Projects/Lab02_Part1/Lab02_Part1.srcs/constrs_1/new/Lab02_Part1_XDC.xdc:106]
CRITICAL WARNING: [Common 17-55] 'set_property' expects at least one object. [C:/Users/hn/Desktop/DFDP1100_2020_Projects/Lab02_Part1/Lab02_Part1.srcs/constrs_1/new/Lab02_Part1_XDC.xdc:106]
Resolution: If [get_<value>] was used to populate the object, check to make sure this command returns at least one valid object.
WARNING: [Vivado 12-584] No ports matched 'an[1]'. [C:/Users/hn/Desktop/DFDP1100_2020_Projects/Lab02_Part1/Lab02_Part1.srcs/constrs_1/new/Lab02_Part1_XDC.xdc:107]
CRITICAL WARNING: [Common 17-55] 'set_property' expects at least one object. [C:/Users/hn/Desktop/DFDP1100_2020_Projects/Lab02_Part1/Lab02_Part1.srcs/constrs_1/new/Lab02_Part1_XDC.xdc:107]
Resolution: If [get_<value>] was used to populate the object, check to make sure this command returns at least one valid object.
WARNING: [Vivado 12-584] No ports matched 'an[2]'. [C:/Users/hn/Desktop/DFDP1100_2020_Projects/Lab02_Part1/Lab02_Part1.srcs/constrs_1/new/Lab02_Part1_XDC.xdc:108]
CRITICAL WARNING: [Common 17-55] 'set_property' expects at least one object. [C:/Users/hn/Desktop/DFDP1100_2020_Projects/Lab02_Part1/Lab02_Part1.srcs/constrs_1/new/Lab02_Part1_XDC.xdc:108]
Resolution: If [get_<value>] was used to populate the object, check to make sure this command returns at least one valid object.
WARNING: [Vivado 12-584] No ports matched 'an[2]'. [C:/Users/hn/Desktop/DFDP1100_2020_Projects/Lab02_Part1/Lab02_Part1.srcs/constrs_1/new/Lab02_Part1_XDC.xdc:109]
CRITICAL WARNING: [Common 17-55] 'set_property' expects at least one object. [C:/Users/hn/Desktop/DFDP1100_2020_Projects/Lab02_Part1/Lab02_Part1.srcs/constrs_1/new/Lab02_Part1_XDC.xdc:109]
Resolution: If [get_<value>] was used to populate the object, check to make sure this command returns at least one valid object.
WARNING: [Vivado 12-584] No ports matched 'an[3]'. [C:/Users/hn/Desktop/DFDP1100_2020_Projects/Lab02_Part1/Lab02_Part1.srcs/constrs_1/new/Lab02_Part1_XDC.xdc:110]
CRITICAL WARNING: [Common 17-55] 'set_property' expects at least one object. [C:/Users/hn/Desktop/DFDP1100_2020_Projects/Lab02_Part1/Lab02_Part1.srcs/constrs_1/new/Lab02_Part1_XDC.xdc:110]
Resolution: If [get_<value>] was used to populate the object, check to make sure this command returns at least one valid object.
WARNING: [Vivado 12-584] No ports matched 'an[3]'. [C:/Users/hn/Desktop/DFDP1100_2020_Projects/Lab02_Part1/Lab02_Part1.srcs/constrs_1/new/Lab02_Part1_XDC.xdc:111]
CRITICAL WARNING: [Common 17-55] 'set_property' expects at least one object. [C:/Users/hn/Desktop/DFDP1100_2020_Projects/Lab02_Part1/Lab02_Part1.srcs/constrs_1/new/Lab02_Part1_XDC.xdc:111]
Resolution: If [get_<value>] was used to populate the object, check to make sure this command returns at least one valid object.
WARNING: [Vivado 12-584] No ports matched 'reset'. [C:/Users/hn/Desktop/DFDP1100_2020_Projects/Lab02_Part1/Lab02_Part1.srcs/constrs_1/new/Lab02_Part1_XDC.xdc:115]
CRITICAL WARNING: [Common 17-55] 'set_property' expects at least one object. [C:/Users/hn/Desktop/DFDP1100_2020_Projects/Lab02_Part1/Lab02_Part1.srcs/constrs_1/new/Lab02_Part1_XDC.xdc:115]
Resolution: If [get_<value>] was used to populate the object, check to make sure this command returns at least one valid object.
WARNING: [Vivado 12-584] No ports matched 'reset'. [C:/Users/hn/Desktop/DFDP1100_2020_Projects/Lab02_Part1/Lab02_Part1.srcs/constrs_1/new/Lab02_Part1_XDC.xdc:116]
CRITICAL WARNING: [Common 17-55] 'set_property' expects at least one object. [C:/Users/hn/Desktop/DFDP1100_2020_Projects/Lab02_Part1/Lab02_Part1.srcs/constrs_1/new/Lab02_Part1_XDC.xdc:116]
Resolution: If [get_<value>] was used to populate the object, check to make sure this command returns at least one valid object.
WARNING: [Vivado 12-584] No ports matched 'rx'. [C:/Users/hn/Desktop/DFDP1100_2020_Projects/Lab02_Part1/Lab02_Part1.srcs/constrs_1/new/Lab02_Part1_XDC.xdc:130]
CRITICAL WARNING: [Common 17-55] 'set_property' expects at least one object. [C:/Users/hn/Desktop/DFDP1100_2020_Projects/Lab02_Part1/Lab02_Part1.srcs/constrs_1/new/Lab02_Part1_XDC.xdc:130]
Resolution: If [get_<value>] was used to populate the object, check to make sure this command returns at least one valid object.
WARNING: [Vivado 12-584] No ports matched 'rx'. [C:/Users/hn/Desktop/DFDP1100_2020_Projects/Lab02_Part1/Lab02_Part1.srcs/constrs_1/new/Lab02_Part1_XDC.xdc:131]
CRITICAL WARNING: [Common 17-55] 'set_property' expects at least one object. [C:/Users/hn/Desktop/DFDP1100_2020_Projects/Lab02_Part1/Lab02_Part1.srcs/constrs_1/new/Lab02_Part1_XDC.xdc:131]
Resolution: If [get_<value>] was used to populate the object, check to make sure this command returns at least one valid object.
WARNING: [Vivado 12-584] No ports matched 'pwm'. [C:/Users/hn/Desktop/DFDP1100_2020_Projects/Lab02_Part1/Lab02_Part1.srcs/constrs_1/new/Lab02_Part1_XDC.xdc:158]
CRITICAL WARNING: [Common 17-55] 'set_property' expects at least one object. [C:/Users/hn/Desktop/DFDP1100_2020_Projects/Lab02_Part1/Lab02_Part1.srcs/constrs_1/new/Lab02_Part1_XDC.xdc:158]
Resolution: If [get_<value>] was used to populate the object, check to make sure this command returns at least one valid object.
WARNING: [Vivado 12-584] No ports matched 'pwm'. [C:/Users/hn/Desktop/DFDP1100_2020_Projects/Lab02_Part1/Lab02_Part1.srcs/constrs_1/new/Lab02_Part1_XDC.xdc:159]
CRITICAL WARNING: [Common 17-55] 'set_property' expects at least one object. [C:/Users/hn/Desktop/DFDP1100_2020_Projects/Lab02_Part1/Lab02_Part1.srcs/constrs_1/new/Lab02_Part1_XDC.xdc:159]
Resolution: If [get_<value>] was used to populate the object, check to make sure this command returns at least one valid object.
Finished Parsing XDC File [C:/Users/hn/Desktop/DFDP1100_2020_Projects/Lab02_Part1/Lab02_Part1.srcs/constrs_1/new/Lab02_Part1_XDC.xdc]
INFO: [Project 1-236] Implementation specific constraints were found while reading constraint file [C:/Users/hn/Desktop/DFDP1100_2020_Projects/Lab02_Part1/Lab02_Part1.srcs/constrs_1/new/Lab02_Part1_XDC.xdc]. These constraints will be ignored for synthesis but will be used in implementation. Impacted constraints are listed in the file [.Xil/Lab02_Part1_Design_propImpl.xdc].
Resolution: To avoid this warning, move constraints listed in [.Xil/Lab02_Part1_Design_propImpl.xdc] to another XDC file and exclude this new file from synthesis with the used_in_synthesis property (File Properties dialog in GUI) and re-run elaboration/synthesis.
Completed Processing XDC Constraints

INFO: [Project 1-111] Unisim Transformation Summary:
No Unisim elements were transformed.

Constraint Validation Runtime : Time (s): cpu = 00:00:00 ; elapsed = 00:00:00.003 . Memory (MB): peak = 576.293 ; gain = 0.000
---------------------------------------------------------------------------------
Finished Constraint Validation : Time (s): cpu = 00:00:14 ; elapsed = 00:00:15 . Memory (MB): peak = 576.293 ; gain = 332.281
---------------------------------------------------------------------------------
---------------------------------------------------------------------------------
Start Loading Part and Timing Information
---------------------------------------------------------------------------------
Loading part: xc7a35tcpg236-1
---------------------------------------------------------------------------------
Finished Loading Part and Timing Information : Time (s): cpu = 00:00:14 ; elapsed = 00:00:15 . Memory (MB): peak = 576.293 ; gain = 332.281
---------------------------------------------------------------------------------
---------------------------------------------------------------------------------
Start Applying 'set_property' XDC Constraints
---------------------------------------------------------------------------------
---------------------------------------------------------------------------------
Finished applying 'set_property' XDC Constraints : Time (s): cpu = 00:00:14 ; elapsed = 00:00:15 . Memory (MB): peak = 576.293 ; gain = 332.281
---------------------------------------------------------------------------------
---------------------------------------------------------------------------------
Finished RTL Optimization Phase 2 : Time (s): cpu = 00:00:14 ; elapsed = 00:00:15 . Memory (MB): peak = 576.293 ; gain = 332.281
---------------------------------------------------------------------------------

Report RTL Partitions: 
+-+--------------+------------+----------+
| |RTL Partition |Replication |Instances |
+-+--------------+------------+----------+
+-+--------------+------------+----------+
---------------------------------------------------------------------------------
Start RTL Component Statistics 
---------------------------------------------------------------------------------
Detailed RTL Component Info : 
---------------------------------------------------------------------------------
Finished RTL Component Statistics 
---------------------------------------------------------------------------------
---------------------------------------------------------------------------------
Start RTL Hierarchical Component Statistics 
---------------------------------------------------------------------------------
Hierarchical RTL Component report 
---------------------------------------------------------------------------------
Finished RTL Hierarchical Component Statistics
---------------------------------------------------------------------------------
---------------------------------------------------------------------------------
Start Part Resource Summary
---------------------------------------------------------------------------------
Part Resources:
DSPs: 90 (col length:60)
BRAMs: 100 (col length: RAMB18 60 RAMB36 30)
---------------------------------------------------------------------------------
Finished Part Resource Summary
---------------------------------------------------------------------------------
---------------------------------------------------------------------------------
Start Cross Boundary and Area Optimization
---------------------------------------------------------------------------------
---------------------------------------------------------------------------------
Finished Cross Boundary and Area Optimization : Time (s): cpu = 00:00:14 ; elapsed = 00:00:15 . Memory (MB): peak = 576.293 ; gain = 332.281
---------------------------------------------------------------------------------

Report RTL Partitions: 
+-+--------------+------------+----------+
| |RTL Partition |Replication |Instances |
+-+--------------+------------+----------+
+-+--------------+------------+----------+
---------------------------------------------------------------------------------
Start Applying XDC Timing Constraints
---------------------------------------------------------------------------------
---------------------------------------------------------------------------------
Finished Applying XDC Timing Constraints : Time (s): cpu = 00:00:25 ; elapsed = 00:00:26 . Memory (MB): peak = 619.383 ; gain = 375.371
---------------------------------------------------------------------------------
---------------------------------------------------------------------------------
Start Timing Optimization
---------------------------------------------------------------------------------
---------------------------------------------------------------------------------
Finished Timing Optimization : Time (s): cpu = 00:00:25 ; elapsed = 00:00:26 . Memory (MB): peak = 619.383 ; gain = 375.371
---------------------------------------------------------------------------------

Report RTL Partitions: 
+-+--------------+------------+----------+
| |RTL Partition |Replication |Instances |
+-+--------------+------------+----------+
+-+--------------+------------+----------+
---------------------------------------------------------------------------------
Start Technology Mapping
---------------------------------------------------------------------------------
---------------------------------------------------------------------------------
Finished Technology Mapping : Time (s): cpu = 00:00:25 ; elapsed = 00:00:26 . Memory (MB): peak = 628.523 ; gain = 384.512
---------------------------------------------------------------------------------

Report RTL Partitions: 
+-+--------------+------------+----------+
| |RTL Partition |Replication |Instances |
+-+--------------+------------+----------+
+-+--------------+------------+----------+
---------------------------------------------------------------------------------
Start IO Insertion
---------------------------------------------------------------------------------
---------------------------------------------------------------------------------
Start Flattening Before IO Insertion
---------------------------------------------------------------------------------
---------------------------------------------------------------------------------
Finished Flattening Before IO Insertion
---------------------------------------------------------------------------------
---------------------------------------------------------------------------------
Start Final Netlist Cleanup
---------------------------------------------------------------------------------
---------------------------------------------------------------------------------
Finished Final Netlist Cleanup
---------------------------------------------------------------------------------
---------------------------------------------------------------------------------
Finished IO Insertion : Time (s): cpu = 00:00:25 ; elapsed = 00:00:27 . Memory (MB): peak = 628.523 ; gain = 384.512
---------------------------------------------------------------------------------

Report Check Netlist: 
+------+------------------+-------+---------+-------+------------------+
|      |Item              |Errors |Warnings |Status |Description       |
+------+------------------+-------+---------+-------+------------------+
|1     |multi_driven_nets |      0|        0|Passed |Multi driven nets |
+------+------------------+-------+---------+-------+------------------+
---------------------------------------------------------------------------------
Start Renaming Generated Instances
---------------------------------------------------------------------------------
---------------------------------------------------------------------------------
Finished Renaming Generated Instances : Time (s): cpu = 00:00:25 ; elapsed = 00:00:27 . Memory (MB): peak = 628.523 ; gain = 384.512
---------------------------------------------------------------------------------

Report RTL Partitions: 
+-+--------------+------------+----------+
| |RTL Partition |Replication |Instances |
+-+--------------+------------+----------+
+-+--------------+------------+----------+
---------------------------------------------------------------------------------
Start Rebuilding User Hierarchy
---------------------------------------------------------------------------------
---------------------------------------------------------------------------------
Finished Rebuilding User Hierarchy : Time (s): cpu = 00:00:25 ; elapsed = 00:00:27 . Memory (MB): peak = 628.523 ; gain = 384.512
---------------------------------------------------------------------------------
---------------------------------------------------------------------------------
Start Renaming Generated Ports
---------------------------------------------------------------------------------
---------------------------------------------------------------------------------
Finished Renaming Generated Ports : Time (s): cpu = 00:00:25 ; elapsed = 00:00:27 . Memory (MB): peak = 628.523 ; gain = 384.512
---------------------------------------------------------------------------------
---------------------------------------------------------------------------------
Start Handling Custom Attributes
---------------------------------------------------------------------------------
---------------------------------------------------------------------------------
Finished Handling Custom Attributes : Time (s): cpu = 00:00:25 ; elapsed = 00:00:27 . Memory (MB): peak = 628.523 ; gain = 384.512
---------------------------------------------------------------------------------
---------------------------------------------------------------------------------
Start Renaming Generated Nets
---------------------------------------------------------------------------------
---------------------------------------------------------------------------------
Finished Renaming Generated Nets : Time (s): cpu = 00:00:25 ; elapsed = 00:00:27 . Memory (MB): peak = 628.523 ; gain = 384.512
---------------------------------------------------------------------------------
---------------------------------------------------------------------------------
Start Writing Synthesis Report
---------------------------------------------------------------------------------

Report BlackBoxes: 
+-+--------------+----------+
| |BlackBox name |Instances |
+-+--------------+----------+
+-+--------------+----------+

Report Cell Usage: 
+------+-----+------+
|      |Cell |Count |
+------+-----+------+
|1     |LUT2 |     1|
|2     |IBUF |     2|
|3     |OBUF |     1|
+------+-----+------+

Report Instance Areas: 
+------+---------+-------+------+
|      |Instance |Module |Cells |
+------+---------+-------+------+
|1     |top      |       |     4|
+------+---------+-------+------+
---------------------------------------------------------------------------------
Finished Writing Synthesis Report : Time (s): cpu = 00:00:25 ; elapsed = 00:00:27 . Memory (MB): peak = 628.523 ; gain = 384.512
---------------------------------------------------------------------------------
Synthesis finished with 0 errors, 0 critical warnings and 0 warnings.
Synthesis Optimization Runtime : Time (s): cpu = 00:00:16 ; elapsed = 00:00:21 . Memory (MB): peak = 628.523 ; gain = 170.223
Synthesis Optimization Complete : Time (s): cpu = 00:00:26 ; elapsed = 00:00:27 . Memory (MB): peak = 628.523 ; gain = 384.512
INFO: [Project 1-571] Translating synthesized netlist
INFO: [Netlist 29-17] Analyzing 2 Unisim elements for replacement
INFO: [Netlist 29-28] Unisim Transformation completed in 0 CPU seconds
INFO: [Project 1-570] Preparing netlist for logic optimization
INFO: [Opt 31-138] Pushed 0 inverter(s) to 0 load pin(s).
INFO: [Project 1-111] Unisim Transformation Summary:
No Unisim elements were transformed.

13 Infos, 33 Warnings, 33 Critical Warnings and 0 Errors encountered.
synth_design completed successfully
synth_design: Time (s): cpu = 00:00:27 ; elapsed = 00:00:30 . Memory (MB): peak = 640.051 ; gain = 403.805
INFO: [Common 17-1381] The checkpoint 'C:/Users/hn/Desktop/DFDP1100_2020_Projects/Lab02_Part1/Lab02_Part1.runs/synth_1/Lab02_Part1_Design.dcp' has been generated.
report_utilization: Time (s): cpu = 00:00:00 ; elapsed = 00:00:00.017 . Memory (MB): peak = 640.051 ; gain = 0.000
INFO: [Common 17-206] Exiting Vivado at Mon Feb  3 08:48:28 2020...
