#-----------------------------------------------------------
# Vivado v2021.1 (64-bit)
# SW Build 3247384 on Thu Jun 10 19:36:33 MDT 2021
# IP Build 3246043 on Fri Jun 11 00:30:35 MDT 2021
# Start of session at: Tue Sep 14 11:20:07 2021
# Process ID: 25984
# Current directory: C:/Users/jonja/Documents/zLabAll/zLabAll/Lect03_Part2
# Command line: vivado.exe -gui_launcher_event rodinguilauncherevent5708 C:\Users\jonja\Documents\zLabAll\zLabAll\Lect03_Part2\Lect03_Part2.xpr
# Log file: C:/Users/jonja/Documents/zLabAll/zLabAll/Lect03_Part2/vivado.log
# Journal file: C:/Users/jonja/Documents/zLabAll/zLabAll/Lect03_Part2\vivado.jou
#-----------------------------------------------------------
INFO: [Common 17-1460] Use of init.tcl in C:/Users/jonja/AppData/Roaming/Xilinx/Vivado/init.tcl is deprecated. Please use Vivado_init.tcl 
Sourcing tcl script 'C:/Users/jonja/AppData/Roaming/Xilinx/Vivado/init.tcl'
start_gui
open_project C:/Users/jonja/Documents/zLabAll/zLabAll/Lect03_Part2/Lect03_Part2.xpr
INFO: [Project 1-313] Project file moved from 'C:/Users/tyloo/Desktop/Digitale systemer/zLabAll/Lect03_Part2' since last save.
Scanning sources...
Finished scanning sources
INFO: [Project 1-230] Project 'Lect03_Part2.xpr' upgraded for this version of Vivado.
INFO: [IP_Flow 19-234] Refreshing IP repositories
INFO: [IP_Flow 19-1704] No user IP repositories specified
INFO: [IP_Flow 19-2313] Loaded Vivado IP repository 'C:/Xilinx/Vivado/2021.1/data/ip'.
open_project: Time (s): cpu = 00:00:24 ; elapsed = 00:00:11 . Memory (MB): peak = 1323.633 ; gain = 73.879
upgrade_project -migrate_output_products
update_compile_order -fileset sources_1
add_files -norecurse {{C:/Users/jonja/Documents/VHDL/Eget arbeid/Lecture04/Lecture04_Part3/Lecture04_Part3.srcs/sources_1/new/two_to_one_mux.vhd}}
update_compile_order -fileset sources_1
exit
INFO: [Common 17-206] Exiting Vivado at Wed Sep 15 21:11:57 2021...
