#-----------------------------------------------------------
# Vivado v2019.2 (64-bit)
# SW Build 2708876 on Wed Nov  6 21:40:23 MST 2019
# IP Build 2700528 on Thu Nov  7 00:09:20 MST 2019
# Start of session at: Mon Feb 17 10:28:47 2020
# Process ID: 22204
# Current directory: C:/Users/Vetle/Desktop/Lab02_Vivado/Lab02_Part2_Full_adder
# Command line: vivado.exe -gui_launcher_event rodinguilauncherevent24480 C:\Users\Vetle\Desktop\Lab02_Vivado\Lab02_Part2_Full_adder\Lab02_Part2_Full_adder.xpr
# Log file: C:/Users/Vetle/Desktop/Lab02_Vivado/Lab02_Part2_Full_adder/vivado.log
# Journal file: C:/Users/Vetle/Desktop/Lab02_Vivado/Lab02_Part2_Full_adder\vivado.jou
#-----------------------------------------------------------
start_gui
open_project C:/Users/Vetle/Desktop/Lab02_Vivado/Lab02_Part2_Full_adder/Lab02_Part2_Full_adder.xpr
Scanning sources...
Finished scanning sources
INFO: [IP_Flow 19-234] Refreshing IP repositories
INFO: [IP_Flow 19-1704] No user IP repositories specified
INFO: [IP_Flow 19-2313] Loaded Vivado IP repository 'C:/Xilinx/Vivado/2019.2/data/ip'.
open_project: Time (s): cpu = 00:00:37 ; elapsed = 00:00:20 . Memory (MB): peak = 859.004 ; gain = 233.070
update_compile_order -fileset sources_1
exit
INFO: [Common 17-206] Exiting Vivado at Mon Feb 17 21:50:58 2020...
