Unable to capture context for thread 12728 in process 19104, can not generate back trace
Unable to capture context for thread 17964 in process 19104, can not generate back trace
Unable to capture context for thread 12412 in process 19104, can not generate back trace
Exception at PC 0x00007FFEC0FCBB93
Printing stacktrace...

[0]  [0x00007FFEC0FCBB93]
[1]  [0x00007FFEC0FCBB93]
[2]  [0x00007FFEC0FCB4A1]
[3]  [0x00007FFEC0FCB3EF]
[4]  [0x00007FFEC0FB19FE]
[5]  [0x00007FFEC0FB0ED1]
[6]  [0x00007FFEC0FB0D76]
[7]  [0x00007FFEC0F579F6]
[8]  [0x00007FFEC0F47AFB]
[9]  [0x00007FFEC106E90A]
[10]  [0x00007FFEC1089F87]
[11]  [0x00007FFEC108A05F]
[12] (BaseThreadInitThunk+0x14) [0x00007FFEFE1F4034]
[13] (RtlUserThreadStart+0x21) [0x00007FFEFF243691]
Done
Exception at PC 0x00007FFEC0CD1A52
Attemped to write at address 0x00007FFEA392ABA4
Printing stacktrace...

[0]  [0x00007FFEC0CD1A52]
[1]  [0x00007FFEC0CD1A52]
[2]  [0x00007FFEC0CD1AD4]
[3]  [0x00007FFEC0E13FF7]
[4]  [0x00007FFEC0CF9128]
[5]  [0x00007FFEC0FADFB9]
[6]  [0x00007FFEC117EF23]
[7]  [0x00007FFEC108B06B]
[8]  [0x00007FFEC10808AF]
[9]  [0x00007FFEC1080A32]
[10] (RtlActivateActivationContextUnsafeFast+0x123) [0x00007FFEFF20B583]
[11] (LdrShutdownProcess+0x125) [0x00007FFEFF217F85]
[12] (RtlExitUserProcess+0xd8) [0x00007FFEFF217E48]
[13] (FatalExit+0xa) [0x00007FFEFE1FCA7A]
[14] (exit+0x75) [0x00007FFEFEA49CE5]
[15] (initterm_e+0x235) [0x00007FFEFEA4A345]
[16]  [0x00000000004014CD]
[17]  [0x000000000040151B]
[18] (BaseThreadInitThunk+0x14) [0x00007FFEFE1F4034]
[19] (RtlUserThreadStart+0x21) [0x00007FFEFF243691]
Done
