#-----------------------------------------------------------
# Vivado v2021.1 (64-bit)
# SW Build 3247384 on Thu Jun 10 19:36:33 MDT 2021
# IP Build 3246043 on Fri Jun 11 00:30:35 MDT 2021
# Start of session at: Tue Oct 12 10:12:04 2021
# Process ID: 13456
# Current directory: C:/Users/jonja/Documents/VHDL/Eget arbeid/Lecture04/Lecture04_Part3
# Command line: vivado.exe -gui_launcher_event rodinguilauncherevent9796 C:\Users\jonja\Documents\VHDL\Eget arbeid\Lecture04\Lecture04_Part3\Lecture04_Part3.xpr
# Log file: C:/Users/jonja/Documents/VHDL/Eget arbeid/Lecture04/Lecture04_Part3/vivado.log
# Journal file: C:/Users/jonja/Documents/VHDL/Eget arbeid/Lecture04/Lecture04_Part3\vivado.jou
#-----------------------------------------------------------
INFO: [Common 17-1460] Use of init.tcl in C:/Users/jonja/AppData/Roaming/Xilinx/Vivado/init.tcl is deprecated. Please use Vivado_init.tcl 
Sourcing tcl script 'C:/Users/jonja/AppData/Roaming/Xilinx/Vivado/init.tcl'
start_gui
open_project {C:/Users/jonja/Documents/VHDL/Eget arbeid/Lecture04/Lecture04_Part3/Lecture04_Part3.xpr}
INFO: [Project 1-313] Project file moved from 'D:/Skole/Digitale systemer og programmering/VHDL programmering/Lecture04/Lecture04_Part3' since last save.
CRITICAL WARNING: [Project 1-311] Could not find the file 'C:/Users/jonja/Documents/VHDL/Eget arbeid/Lecture04/Lecture04_Part3/Lecture04_Part3.srcs/sources_1/new/two_to_one_mux.vhd', nor could it be found using path 'D:/Skole/Digitale systemer og programmering/VHDL programmering/Lecture04/Lecture04_Part3/Lecture04_Part3.srcs/sources_1/new/two_to_one_mux.vhd'.
Scanning sources...
Finished scanning sources
INFO: [Project 1-230] Project 'Lecture04_Part3.xpr' upgraded for this version of Vivado.
INFO: [IP_Flow 19-234] Refreshing IP repositories
INFO: [IP_Flow 19-1704] No user IP repositories specified
INFO: [IP_Flow 19-2313] Loaded Vivado IP repository 'C:/Xilinx/Vivado/2021.1/data/ip'.
open_project: Time (s): cpu = 00:00:25 ; elapsed = 00:00:11 . Memory (MB): peak = 1289.324 ; gain = 38.965
upgrade_project -migrate_output_products
update_compile_order -fileset sources_1
reset_run synth_1
WARNING: [Vivado 12-1017] Problems encountered:
1. Process appears to be on host 'LAPTOP-MJUHLJ79' and cannot be killed from host 'DESKTOP-42IJ6JD'
2. Process appears to be on host 'LAPTOP-MJUHLJ79' and cannot be killed from host 'DESKTOP-42IJ6JD'

reset_run impl_1
exit
INFO: [Common 17-206] Exiting Vivado at Tue Oct 12 10:16:10 2021...
