#-----------------------------------------------------------
# Vivado v2021.1 (64-bit)
# SW Build 3247384 on Thu Jun 10 19:36:33 MDT 2021
# IP Build 3246043 on Fri Jun 11 00:30:35 MDT 2021
# Start of session at: Tue Aug 24 11:16:16 2021
# Process ID: 11704
# Current directory: C:/Users/jonja/Documents/VHDL/Eget arbeid/Lab 03/Lab_03_Bertil
# Command line: vivado.exe -gui_launcher_event rodinguilauncherevent10924 C:\Users\jonja\Documents\VHDL\Eget arbeid\Lab 03\Lab_03_Bertil\Lab_03_Bertil.xpr
# Log file: C:/Users/jonja/Documents/VHDL/Eget arbeid/Lab 03/Lab_03_Bertil/vivado.log
# Journal file: C:/Users/jonja/Documents/VHDL/Eget arbeid/Lab 03/Lab_03_Bertil\vivado.jou
#-----------------------------------------------------------
INFO: [Common 17-1460] Use of init.tcl in C:/Users/jonja/AppData/Roaming/Xilinx/Vivado/init.tcl is deprecated. Please use Vivado_init.tcl 
Sourcing tcl script 'C:/Users/jonja/AppData/Roaming/Xilinx/Vivado/init.tcl'
start_gui
open_project {C:/Users/jonja/Documents/VHDL/Eget arbeid/Lab 03/Lab_03_Bertil/Lab_03_Bertil.xpr}
INFO: [Project 1-313] Project file moved from 'D:/Skole/Digitale systemer og programmering/VHDL programmering/Lab 03/Lab_03_Bertil' since last save.
Scanning sources...
Finished scanning sources
INFO: [Project 1-230] Project 'Lab_03_Bertil.xpr' upgraded for this version of Vivado.
INFO: [IP_Flow 19-234] Refreshing IP repositories
INFO: [IP_Flow 19-1704] No user IP repositories specified
INFO: [IP_Flow 19-2313] Loaded Vivado IP repository 'C:/Xilinx/Vivado/2021.1/data/ip'.
open_project: Time (s): cpu = 00:00:26 ; elapsed = 00:00:13 . Memory (MB): peak = 1277.637 ; gain = 28.258
upgrade_project -migrate_output_products
update_compile_order -fileset sources_1
exit
INFO: [Common 17-206] Exiting Vivado at Tue Aug 24 11:21:54 2021...
