Unable to capture context for thread 12096 in process 2680, can not generate back trace
Unable to capture context for thread 22112 in process 2680, can not generate back trace
Unable to capture context for thread 1036 in process 2680, can not generate back trace
Unable to capture context for thread 8056 in process 2680, can not generate back trace
Exception at PC 0x00007FFA7829BB93
Printing stacktrace...

[0]  [0x00007FFA7829BB93]
[1]  [0x00007FFA7829BB93]
[2]  [0x00007FFA7829B4A1]
[3]  [0x00007FFA7829B3EF]
[4]  [0x00007FFA782819FE]
[5]  [0x00007FFA78280ED1]
[6]  [0x00007FFA78280D76]
[7]  [0x00007FFA782279F6]
[8]  [0x00007FFA78217AFB]
[9]  [0x00007FFA7833E90A]
[10]  [0x00007FFA78359F87]
[11]  [0x00007FFA7835A05F]
[12] (BaseThreadInitThunk+0x14) [0x00007FFACC2B4034]
[13] (RtlUserThreadStart+0x21) [0x00007FFACCC53691]
Done
Exception at PC 0x00007FFA77FA1A52
Attemped to write at address 0x00007FFA81B6ABA4
Printing stacktrace...

[0]  [0x00007FFA77FA1A52]
[1]  [0x00007FFA77FA1A52]
[2]  [0x00007FFA77FA1AD4]
[3]  [0x00007FFA780E3FF7]
[4]  [0x00007FFA77FC9128]
[5]  [0x00007FFA7827DFB9]
[6]  [0x00007FFA7844EF23]
[7]  [0x00007FFA7835B06B]
[8]  [0x00007FFA783508AF]
[9]  [0x00007FFA78350A32]
[10] (RtlActivateActivationContextUnsafeFast+0x123) [0x00007FFACCC1B583]
[11] (LdrShutdownProcess+0x125) [0x00007FFACCC27F85]
[12] (RtlExitUserProcess+0xd8) [0x00007FFACCC27E48]
[13] (FatalExit+0xa) [0x00007FFACC2BCA7A]
[14] (exit+0x75) [0x00007FFACA7F9CE5]
[15] (initterm_e+0x235) [0x00007FFACA7FA345]
[16]  [0x00000000004014CD]
[17]  [0x000000000040151B]
[18] (BaseThreadInitThunk+0x14) [0x00007FFACC2B4034]
[19] (RtlUserThreadStart+0x21) [0x00007FFACCC53691]
Done
